<?xml version="1.0" encoding="UTF-8"?>
<testng-results ignored="0" total="1" passed="1" failed="0" skipped="0">
  <reporter-output>
  </reporter-output>
  <suite started-at="2021-11-24T03:34:33Z" name="InetBankingV1" finished-at="2021-11-24T03:34:50Z" duration-ms="17849">
    <groups>
    </groups>
    <test started-at="2021-11-24T03:34:33Z" name="BankingApp Test" finished-at="2021-11-24T03:34:50Z" duration-ms="17849">
      <class name="com.inetbanking.testCases.TC_AddCustomerTest_003">
        <test-method is-config="true" signature="setup(java.lang.String)[pri:0, instance:com.inetbanking.testCases.TC_AddCustomerTest_003@4b53f538]" started-at="2021-11-24T03:34:33Z" name="setup" finished-at="2021-11-24T03:34:36Z" duration-ms="3533" status="PASS">
          <params>
            <param index="0">
              <value>
                <![CDATA[chrome]]>
              </value>
            </param>
          </params>
          <reporter-output>
          </reporter-output>
        </test-method> <!-- setup -->
        <test-method signature="addNewCustomer()[pri:0, instance:com.inetbanking.testCases.TC_AddCustomerTest_003@4b53f538]" started-at="2021-11-24T03:34:36Z" name="addNewCustomer" finished-at="2021-11-24T03:34:50Z" duration-ms="13779" status="PASS">
          <reporter-output>
          </reporter-output>
        </test-method> <!-- addNewCustomer -->
        <test-method is-config="true" signature="tearDown()[pri:0, instance:com.inetbanking.testCases.TC_AddCustomerTest_003@4b53f538]" started-at="2021-11-24T03:34:50Z" name="tearDown" finished-at="2021-11-24T03:34:50Z" duration-ms="214" status="PASS">
          <reporter-output>
          </reporter-output>
        </test-method> <!-- tearDown -->
      </class> <!-- com.inetbanking.testCases.TC_AddCustomerTest_003 -->
    </test> <!-- BankingApp Test -->
  </suite> <!-- InetBankingV1 -->
</testng-results>
