<?xml version="1.0" encoding="UTF-8"?>
<testng-results ignored="0" total="1" passed="1" failed="0" skipped="0">
  <reporter-output>
  </reporter-output>
  <suite started-at="2021-11-22T21:28:46 EST" name="InetBankingV1" finished-at="2021-11-22T21:29:06 EST" duration-ms="19351">
    <groups>
    </groups>
    <test started-at="2021-11-22T21:28:46 EST" name="BankingApp Test" finished-at="2021-11-22T21:29:06 EST" duration-ms="19351">
      <class name="com.inetbanking.testCases.TC_AddCustomerTest_003">
        <test-method is-config="true" signature="setup(java.lang.String)[pri:0, instance:com.inetbanking.testCases.TC_AddCustomerTest_003@4a883b15]" started-at="2021-11-22T21:28:47 EST" name="setup" finished-at="2021-11-22T21:28:51 EST" duration-ms="4453" status="PASS">
          <params>
            <param index="0">
              <value>
                <![CDATA[chrome]]>
              </value>
            </param>
          </params>
          <reporter-output>
          </reporter-output>
        </test-method> <!-- setup -->
        <test-method signature="addNewCustomer()[pri:0, instance:com.inetbanking.testCases.TC_AddCustomerTest_003@4a883b15]" started-at="2021-11-22T21:28:51 EST" name="addNewCustomer" finished-at="2021-11-22T21:29:05 EST" duration-ms="14188" status="PASS">
          <reporter-output>
          </reporter-output>
        </test-method> <!-- addNewCustomer -->
        <test-method is-config="true" signature="tearDown()[pri:0, instance:com.inetbanking.testCases.TC_AddCustomerTest_003@4a883b15]" started-at="2021-11-22T21:29:05 EST" name="tearDown" finished-at="2021-11-22T21:29:06 EST" duration-ms="369" status="PASS">
          <reporter-output>
          </reporter-output>
        </test-method> <!-- tearDown -->
      </class> <!-- com.inetbanking.testCases.TC_AddCustomerTest_003 -->
    </test> <!-- BankingApp Test -->
  </suite> <!-- InetBankingV1 -->
</testng-results>
